make all --print-data-base --no-builtin-variables --no-builtin-rules --question
# GNU Make 3.81
# Copyright (C) 2006  Free Software Foundation, Inc.
# This is free software; see the source for copying conditions.
# There is NO warranty; not even for MERCHANTABILITY or FITNESS FOR A
# PARTICULAR PURPOSE.

# This program built for i386-apple-darwin11.3.0
 

# Make data base, printed on Mon Nov  8 20:36:58 2021

# Variables

# automatic
<D = $(patsubst %/,%,$(dir $<))
# automatic
?F = $(notdir $?)
# makefile (from `Makefile', line 11)
OBJ := build/LightSensor.o build/Sensor.o build/SensorManager.o build/TemperatureSensor.o build/main.o
# makefile (from `Makefile', line 10)
SRC = $(wildcard $(SRC_DIR)/*.cpp)
# environment
VSCODE_LOG_NATIVE = false
# automatic
?D = $(patsubst %/,%,$(dir $?))
# makefile (from `Makefile', line 12)
INCLUDES = $(addprefix -I,$(SRC_DIR))
# automatic
@D = $(patsubst %/,%,$(dir $@))
# automatic
@F = $(notdir $@)
# makefile
CURDIR := /Users/klagrassa/Library/CloudStorage/OneDrive-Personnel/Documents/IMT Atlantique/FIP3A/UE_D/design_pattern
# makefile
SHELL = /bin/sh
# environment
VSCODE_NLS_CONFIG = {"locale":"fr","availableLanguages":{"*":"fr"},"_languagePackId":"726f0529a8f06dbc748431c91e26ad5e.fr","_translationsConfigFile":"/Users/klagrassa/Library/Application Support/Code/clp/726f0529a8f06dbc748431c91e26ad5e.fr/tcf.json","_cacheRoot":"/Users/klagrassa/Library/Application Support/Code/clp/726f0529a8f06dbc748431c91e26ad5e.fr","_resolvedLanguagePackCoreLocation":"/Users/klagrassa/Library/Application Support/Code/clp/726f0529a8f06dbc748431c91e26ad5e.fr/6cba118ac49a1b88332f312a8f67186f7f3c1643","_corruptedFile":"/Users/klagrassa/Library/Application Support/Code/clp/726f0529a8f06dbc748431c91e26ad5e.fr/corrupted.info","_languagePackSupport":true}
# environment
_ = /usr/bin/make
# makefile (from `Makefile', line 1)
MAKEFILE_LIST :=  Makefile
# makefile (from `Makefile', line 3)
CXXFLAGS = -Wall -std=c++17
# makefile (from `Makefile', line 5)
PRJ_DIR = $(realpath $(CURDIR)/..)
# environment
VSCODE_VERBOSE_LOGGING = true
# environment
__CFBundleIdentifier = com.microsoft.VSCode
# environment
INFOPATH = /opt/homebrew/share/info:
# environment
VSCODE_IPC_HOOK_EXTHOST = /var/folders/5t/866324h5245c_htwhxx0y5jr0000gn/T/vscode-ipc-bf42a25b-bb9b-44c5-ad3a-9625a2b69b0f.sock
# environment
VSCODE_CWD = /
# environment
PATH = /opt/homebrew/bin:/Users/klagrassa/bin:/usr/local/bin:/opt/homebrew/bin:/opt/homebrew/sbin:/usr/local/bin:/usr/bin:/bin:/usr/sbin:/sbin
# makefile (from `Makefile', line 2)
LD = g++
# environment
LSCOLORS = Gxfxcxdxbxegedabagacad
# makefile (from `Makefile', line 6)
EXE_DIR = bin
# environment
VSCODE_LOG_STACK = false
# environment
ELECTRON_RUN_AS_NODE = 1
# default
.FEATURES := target-specific order-only second-expansion else-if archives jobserver check-symlink
# environment
SSH_AUTH_SOCK = /private/tmp/com.apple.launchd.7Qh3Ytxc7U/Listeners
# automatic
%F = $(notdir $%)
# environment
VSCODE_PIPE_LOGGING = true
# environment
PWD = /Users/klagrassa/Library/CloudStorage/OneDrive-Personnel/Documents/IMT Atlantique/FIP3A/UE_D/design_pattern
# environment
HOMEBREW_CELLAR = /opt/homebrew/Cellar
# environment
ORIGINAL_XDG_CURRENT_DESKTOP = undefined
# environment
MANPATH = /opt/homebrew/share/man::
# environment
VSCODE_AMD_ENTRYPOINT = vs/workbench/services/extensions/node/extensionHostProcess
# environment
HOME = /Users/klagrassa
# default
MAKEFILEPATH = $(shell /usr/bin/xcode-select -print-path 2>/dev/null || echo /Developer)/Makefiles
# environment
VSCODE_CODE_CACHE_PATH = /Users/klagrassa/Library/Application Support/Code/CachedData/6cba118ac49a1b88332f312a8f67186f7f3c1643
# environment
LOGNAME = klagrassa
# makefile (from `Makefile', line 16)
define make-goal
$1/%.o: %.cpp
	$(CXX) $(INCLUDES) -c $$< -o $$@
endef
# environment
APPLICATION_INSIGHTS_NO_DIAGNOSTIC_CHANNEL = true
# environment
ZSH = /Users/klagrassa/.oh-my-zsh
# environment
VSCODE_HANDLES_UNCAUGHT_ERRORS = true
# automatic
^D = $(patsubst %/,%,$(dir $^))
# environment
XPC_FLAGS = 0x0
# default
MAKE = $(MAKE_COMMAND)
# default
MAKECMDGOALS := all
# environment
SHLVL = 1
# makefile (from `Makefile', line 8)
BUILD_DIR = build
# default
MAKE_VERSION := 3.81
# environment
USER = klagrassa
# makefile
.DEFAULT_GOAL := all
# environment
LESS = -R
# automatic
%D = $(patsubst %/,%,$(dir $%))
# default
MAKE_COMMAND := /Library/Developer/CommandLineTools/usr/bin/make
# default
.VARIABLES := 
# environment
TMPDIR = /var/folders/5t/866324h5245c_htwhxx0y5jr0000gn/T/
# automatic
*F = $(notdir $*)
# environment
VSCODE_IPC_HOOK = /Users/klagrassa/Library/Application Support/Code/1.61.2-main.sock
# makefile
MAKEFLAGS = Rrqp
# environment
MFLAGS = -Rrqp
# automatic
*D = $(patsubst %/,%,$(dir $*))
# environment
HOMEBREW_SHELLENV_PREFIX = /opt/homebrew
# environment
XPC_SERVICE_NAME = application.com.microsoft.VSCode.23866855.23866861
# environment
HOMEBREW_PREFIX = /opt/homebrew
# automatic
+D = $(patsubst %/,%,$(dir $+))
# automatic
+F = $(notdir $+)
# environment
HOMEBREW_REPOSITORY = /opt/homebrew
# environment
__CF_USER_TEXT_ENCODING = 0x1F5:0x0:0x1
# environment
COMMAND_MODE = unix2003
# default
MAKEFILES := 
# makefile (from `Makefile', line 7)
SRC_DIR = src
# automatic
<F = $(notdir $<)
# makefile (from `Makefile', line 1)
CXX = g++
# environment
PAGER = less
# environment
 
LC_ALL = C
# automatic
^F = $(notdir $^)
# default
SUFFIXES := 
# default
.INCLUDE_DIRS = /usr/local/include
# environment
MAKELEVEL := 0
# environment
LANG = C
# environment
VSCODE_PID = 78802
# variable set hash-table stats:
# Load=83/1024=8%, Rehash=0, Collisions=6/123=5%

# Pattern-specific Variable Values

# No pattern-specific variable values.

# Directories

# . (device 16777231, inode 24348047): 11 files, no impossibilities.
# src (device 16777231, inode 24543112): 11 files, no impossibilities.

# 22 files, no impossibilities in 2 directories.

# Implicit Rules

build/%.o: %.cpp
#  commands to execute (from `Makefile', line 37):
	g++ -Isrc -c $< -o $@
	

# 1 implicit rules, 0 (0.0%) terminal.

# Files

# Not a target:
build/main.o:
#  Implicit rule search has not been done.
#  Modification time never checked.
#  File has not been updated.

all: checkdirs bin/app
#  Phony target (prerequisite of .PHONY).
#  Command-line target.
#  Implicit rule search has not been done.
#  File does not exist.
#  File has been updated.
#  Needs to be updated (-q is set).
# variable set hash-table stats:
# Load=0/32=0%, Rehash=0, Collisions=0/2=0%

.PHONY: all checkdirs clean
#  Implicit rule search has not been done.
#  Modification time never checked.
#  File has not been updated.

# Not a target:
.SUFFIXES:
#  Implicit rule search has not been done.
#  Modification time never checked.
#  File has not been updated.

# Not a target:
Makefile:
#  Implicit rule search has been done.
#  Last modified 2021-11-08 20:36:07
#  File has been updated.
#  Successfully updated.
# variable set hash-table stats:
# Load=0/32=0%, Rehash=0, Collisions=0/0=0%

# Not a target:
src/LightSensor.cpp:
#  Implicit rule search has been done.
#  Last modified 2021-11-08 20:13:40
#  File has been updated.
#  Successfully updated.
# variable set hash-table stats:
# Load=0/32=0%, Rehash=0, Collisions=0/0=0%

build:
#  Implicit rule search has not been done.
#  Last modified 2021-11-08 20:36:11
#  File has been updated.
#  Successfully updated.
#  commands to execute (from `Makefile', line 31):
	@mkdir -p $@
	

bin/app: build/LightSensor.o build/Sensor.o build/SensorManager.o build/TemperatureSensor.o build/main.o
#  Implicit rule search has not been done.
#  File does not exist.
#  File has been updated.
#  Needs to be updated (-q is set).
# variable set hash-table stats:
# Load=0/32=0%, Rehash=0, Collisions=0/2=0%
#  commands to execute (from `Makefile', line 26):
	$(LD) $^ -o $@
	

# Not a target:
.DEFAULT:
#  Implicit rule search has not been done.
#  Modification time never checked.
#  File has not been updated.

# Not a target:
build/Sensor.o:
#  Implicit rule search has not been done.
#  Modification time never checked.
#  File has not been updated.

build/LightSensor.o: src/LightSensor.cpp
#  Implicit rule search has been done.
#  Implicit/static pattern stem: `LightSensor'
#  File does not exist.
#  File has been updated.
#  Needs to be updated (-q is set).
# automatic
# @ := build/LightSensor.o
# automatic
# % := 
# automatic
# * := LightSensor
# automatic
# + := src/LightSensor.cpp
# automatic
# | := 
# automatic
# < := src/LightSensor.cpp
# automatic
# ^ := src/LightSensor.cpp
# automatic
# ? := src/LightSensor.cpp
# variable set hash-table stats:
# Load=8/32=25%, Rehash=0, Collisions=1/12=8%
#  commands to execute (from `Makefile', line 37):
	g++ -Isrc -c $< -o $@
	

clean:
#  Phony target (prerequisite of .PHONY).
#  Implicit rule search has not been done.
#  File does not exist.
#  File has not been updated.
#  commands to execute (from `Makefile', line 34):
	@rm -rf $(BUILD_DIR)
	

# Not a target:
build/SensorManager.o:
#  Implicit rule search has not been done.
#  Modification time never checked.
#  File has not been updated.

# Not a target:
build/TemperatureSensor.o:
#  Implicit rule search has not been done.
#  Modification time never checked.
#  File has not been updated.

checkdirs: build
#  Phony target (prerequisite of .PHONY).
#  Implicit rule search has not been done.
#  File does not exist.
#  File has been updated.
#  Successfully updated.

# files hash-table stats:
# Load=15/1024=1%, Rehash=0, Collisions=0/48=0%
# VPATH Search Paths

vpath %.cpp src

# 1 `vpath' search paths.

# No general (`VPATH' variable) search path.

# # of strings in strcache: 1
# # of strcache buffers: 1
# strcache size: total = 4096 / max = 4096 / min = 4096 / avg = 4096
# strcache free: total = 4087 / max = 4087 / min = 4087 / avg = 4087

# Finished Make data base on Mon Nov  8 20:36:58 2021

 
